
> yixiaoguan-student-app@1.0.0 dev:h5
> uni

请注意运行模式下，因日志输出、sourcemap 以及未压缩源码等原因，性能和包体积，均不及发行模式。
vite是按需编译，运行时点击某个未编译页面会先编译后加载，导致显示较慢，发行后无此问题。
编译器版本：4.84（vue3）
正在编译中...

uni-app 有新版本发布，请执行 `npx @dcloudio/uvm@latest` 更新，更新日志详见：https://download1.dcloud.net.cn/hbuilderx/changelog/5.06.2026033105.html
[36m
  vite v5.2.8[39m[32m dev server running at:
[39m
  [32m➜[39m  [1mLocal[22m:   [36mhttp://localhost:[1m5174[22m/[39m
[2m  [32m➜[39m  [1mNetwork[22m[2m: use [22m[1m--host[22m[2m to expose[22m

  [36mready in 1121ms.[39m

[2m01:54:39[22m [36m[1m[vite][22m[39m [32mhmr update [39m[2m/src/pages/home/index.vue?vue&type=style&index=0&scoped=2c5296db&lang.scss[22m
[2m01:54:41[22m [36m[1m[vite][22m[39m [32mhmr update [39m[2m/src/pages/login/index.vue?vue&type=style&index=0&scoped=45258083&lang.scss[22m
[2m01:57:44[22m [36m[1m[vite][22m[39m [32mhmr update [39m[2m/src/pages/home/index.vue?vue&type=style&index=0&scoped=2c5296db&lang.scss, /src/pages/home/index.vue[22m
[2m02:00:14[22m [36m[1m[vite][22m[39m [32mhmr update [39m[2m/src/pages/chat/index.vue?vue&type=style&index=0&scoped=da04a0a0&lang.scss, /src/pages/chat/index.vue[22m
[2m02:00:47[22m [36m[1m[vite][22m[39m [32mhmr update [39m[2m/src/pages/home/index.vue?vue&type=style&index=0&scoped=2c5296db&lang.scss, /src/pages/home/index.vue[22m
[2m02:00:47[22m [36m[1m[vite][22m[39m [32mhmr update [39m[2m/src/pages/chat/index.vue?vue&type=style&index=0&scoped=da04a0a0&lang.scss, /src/pages/chat/index.vue[22m
[2m02:02:58[22m [36m[1m[vite][22m[39m [32mhmr update [39m[2m/src/pages/home/index.vue?vue&type=style&index=0&scoped=2c5296db&lang.scss, /src/pages/home/index.vue[22m
[2m02:04:54[22m [36m[1m[vite][22m[39m [32mhmr update [39m[2m/src/pages/chat/index.vue?vue&type=style&index=0&scoped=da04a0a0&lang.scss, /src/pages/chat/index.vue[22m
[2m02:09:31[22m [36m[1m[vite][22m[39m [32mhmr update [39m[2m/src/pages/apply/classroom.vue?vue&type=style&index=0&scoped=ab99ce9e&lang.scss[22m
[2m02:11:06[22m [36m[1m[vite][22m[39m [32mhmr update [39m[2m/src/pages/apply/status.vue, /src/pages/apply/status.vue?vue&type=style&index=0&scoped=f61e61f1&lang.scss[22m
[2m02:24:22[22m [36m[1m[vite][22m[39m [32mhmr update [39m[2m/src/pages/chat/index.vue, /src/pages/chat/index.vue?vue&type=style&index=0&scoped=da04a0a0&lang.scss[22m
[2m02:24:23[22m [36m[1m[vite][22m[39m [32m✨ new dependencies optimized: [33mmarkdown-it[32m[39m
[2m02:24:23[22m [36m[1m[vite][22m[39m [32m✨ optimized dependencies changed. reloading[39m
[2m02:28:11[22m [36m[1m[vite][22m[39m [32mhmr update [39m[2m/src/pages/home/index.vue, /src/pages/home/index.vue?vue&type=style&index=0&scoped=2c5296db&lang.scss[22m
[2m02:32:55[22m [36m[1m[vite][22m[39m [32mhmr update [39m[2m/src/pages/chat/index.vue, /src/pages/chat/index.vue?vue&type=style&index=0&scoped=da04a0a0&lang.scss[22m
[2m02:34:15[22m [36m[1m[vite][22m[39m [32mhmr update [39m[2m/src/pages/profile/index.vue, /src/pages/profile/index.vue?vue&type=style&index=0&scoped=f97f9319&lang.scss[22m
[2m02:50:50[22m [36m[1m[vite][22m[39m [32mhmr update [39m[2m/src/pages/chat/index.vue, /src/pages/chat/index.vue?vue&type=style&index=0&scoped=da04a0a0&lang.scss[22m
[2m02:52:22[22m [36m[1m[vite][22m[39m [32mhmr update [39m[2m/src/pages/home/index.vue?vue&type=style&index=0&scoped=2c5296db&lang.scss, /src/pages/home/index.vue[22m
[2m02:52:36[22m [36m[1m[vite][22m[39m [32mhmr update [39m[2m/src/pages/chat/index.vue[22m
[2m02:53:45[22m [36m[1m[vite][22m[39m [32mhmr update [39m[2m/src/pages/profile/index.vue?vue&type=style&index=0&scoped=f97f9319&lang.scss, /src/pages/profile/index.vue[22m
