(node:49828) Warning: Accessing non-existent property 'finally' of module exports inside circular dependency
(Use `node --trace-warnings ...` to show where the warning was created)
DEPRECATION WARNING [legacy-js-api]: The legacy JS API is deprecated and will be removed in Dart Sass 2.0.0.

More info: https://sass-lang.com/d/legacy-js-api

DEPRECATION WARNING [legacy-js-api]: The legacy JS API is deprecated and will be removed in Dart Sass 2.0.0.

More info: https://sass-lang.com/d/legacy-js-api

DEPRECATION WARNING [import]: Sass @import rules are deprecated and will be removed in Dart Sass 3.0.0.

More info and automated migrator: https://sass-lang.com/d/import

   ╷
82 │ @import './theme.scss';
   │         ^^^^^^^^^^^^^^
   ╵
    src\styles\utilities.scss 82:9  root stylesheet

DEPRECATION WARNING [legacy-js-api]: The legacy JS API is deprecated and will be removed in Dart Sass 2.0.0.

More info: https://sass-lang.com/d/legacy-js-api

DEPRECATION WARNING [legacy-js-api]: The legacy JS API is deprecated and will be removed in Dart Sass 2.0.0.

More info: https://sass-lang.com/d/legacy-js-api

(node:49828) [DEP0060] DeprecationWarning: The `util._extend` API is deprecated. Please use Object.assign() instead.
DEPRECATION WARNING [legacy-js-api]: The legacy JS API is deprecated and will be removed in Dart Sass 2.0.0.

More info: https://sass-lang.com/d/legacy-js-api

DEPRECATION WARNING [import]: Sass @import rules are deprecated and will be removed in Dart Sass 3.0.0.

More info and automated migrator: https://sass-lang.com/d/import

   ╷
78 │ @import '@/styles/theme.scss';
   │         ^^^^^^^^^^^^^^^^^^^^^
   ╵
    src\pages\chat\index.vue 78:9  root stylesheet

^C^C