20:53:50.308 [restartedMain] INFO  c.r.RuoYiApplication - [logStarting,54] - Starting RuoYiApplication using Java 21.0.10 with PID 53224 (C:\Users\Administrator\Documents\code\yixiaoguan\services\business-api\ruoyi-admin\target\classes started by Administrator in C:\Users\Administrator\Documents\code\yixiaoguan\services\business-api\ruoyi-admin)
20:53:50.309 [restartedMain] INFO  c.r.RuoYiApplication - [logStartupProfileInfo,658] - The following 1 profile is active: "druid"
20:53:51.016 [restartedMain] INFO  o.s.b.t.TomcatWebServer - [initialize,114] - Tomcat initialized with port 8080 (http)
20:53:51.018 [restartedMain] INFO  o.a.c.h.Http11NioProtocol - [log,168] - Initializing ProtocolHandler ["http-nio-8080"]
20:53:51.019 [restartedMain] INFO  o.a.c.c.StandardService - [log,168] - Starting service [Tomcat]
20:53:51.019 [restartedMain] INFO  o.a.c.c.StandardEngine - [log,168] - Starting Servlet engine: [Apache Tomcat/11.0.18]
20:53:51.066 [restartedMain] INFO  o.s.b.w.c.s.WebApplicationContextInitializer - [prepareWebApplicationContext,77] - Root WebApplicationContext: initialization completed in 741 ms
20:53:51.413 [restartedMain] INFO  c.a.d.p.DruidDataSource - [init,865] - {dataSource-2} inited
20:53:52.241 [restartedMain] INFO  o.q.c.SchedulerSignalerImpl - [<init>,62] - Initialized Scheduler Signaller of type: class org.quartz.core.SchedulerSignalerImpl
20:53:52.241 [restartedMain] INFO  o.q.c.QuartzScheduler - [<init>,224] - Quartz Scheduler v2.5.2 created.
20:53:52.242 [restartedMain] INFO  o.q.s.RAMJobStore - [initialize,152] - RAMJobStore initialized.
20:53:52.242 [restartedMain] INFO  o.q.c.QuartzScheduler - [initialize,289] - Scheduler meta-data: Quartz Scheduler (v2.5.2) 'quartzScheduler' with instanceId 'NON_CLUSTERED'
  Scheduler class: 'org.quartz.core.QuartzScheduler' - running locally.
  NOT STARTED.
  Currently in standby mode.
  Number of jobs executed: 0
  Using thread pool 'org.quartz.simpl.SimpleThreadPool' - with 10 threads.
  Using job-store 'org.quartz.simpl.RAMJobStore' - which does not support persistence. and is not clustered.

20:53:52.242 [restartedMain] INFO  o.q.c.QuartzScheduler - [setJobFactory,2250] - JobFactory set to: org.springframework.scheduling.quartz.SpringBeanJobFactory@240a12ac
20:53:52.299 [restartedMain] INFO  c.y.a.c.AiServiceClient - [init,59] - [AiServiceClient] ÕłØÕ¦ŗÕī¢Õ«īµłÉ’╝īńø«µĀćÕ£░ÕØĆ: http://127.0.0.1:8000
20:53:52.544 [restartedMain] INFO  c.y.c.c.AsyncConfig - [yxAuditExecutor,43] - [AsyncConfig] Õ«ĪĶ«ĪµŚźÕ┐ŚÕ╝éµŁźń║┐ń©ŗµ▒ĀÕłØÕ¦ŗÕī¢Õ«īµłÉ
20:53:52.994 [restartedMain] INFO  o.a.c.h.Http11NioProtocol - [log,168] - Starting ProtocolHandler ["http-nio-8080"]
20:53:52.999 [restartedMain] INFO  o.s.b.t.TomcatWebServer - [start,240] - Tomcat started on port 8080 (http) with context path '/'
20:53:52.999 [restartedMain] INFO  o.q.c.QuartzScheduler - [start,541] - Scheduler quartzScheduler_$_NON_CLUSTERED started.
20:53:53.009 [restartedMain] INFO  c.r.RuoYiApplication - [logStarted,60] - Started RuoYiApplication in 2.838 seconds (process running for 75918.38)
20:53:53.011 [restartedMain] INFO  o.s.b.d.a.ConditionEvaluationDeltaLoggingListener - [onApplicationEvent,66] - Condition evaluation unchanged
20:53:57.396 [File Watcher] INFO  o.s.b.d.a.LocalDevToolsAutoConfiguration$RestartingClassPathChangeChangedEventListener - [onApplicationEvent,214] - Restarting due to 1 class path change (0 additions, 0 deletions, 1 modification)
20:53:57.398 [Thread-5] INFO  o.q.c.QuartzScheduler - [standby,576] - Scheduler quartzScheduler_$_NON_CLUSTERED paused.
20:53:57.398 [Thread-5] INFO  o.s.b.t.GracefulShutdown - [shutDownGracefully,54] - Commencing graceful shutdown. Waiting for active requests to complete
20:53:57.399 [tomcat-shutdown] INFO  o.a.c.h.Http11NioProtocol - [log,168] - Pausing ProtocolHandler ["http-nio-8080"]
20:53:57.401 [tomcat-shutdown] INFO  o.s.b.t.GracefulShutdown - [doShutdown,76] - Graceful shutdown complete
20:53:57.401 [Thread-5] INFO  o.a.c.h.Http11NioProtocol - [log,168] - Stopping ProtocolHandler ["http-nio-8080"]
20:53:57.407 [Thread-5] INFO  o.q.c.QuartzScheduler - [shutdown,656] - Scheduler quartzScheduler_$_NON_CLUSTERED shutting down.
20:53:57.408 [Thread-5] INFO  o.q.c.QuartzScheduler - [standby,576] - Scheduler quartzScheduler_$_NON_CLUSTERED paused.
20:53:57.408 [Thread-5] INFO  o.q.c.QuartzScheduler - [shutdown,728] - Scheduler quartzScheduler_$_NON_CLUSTERED shutdown complete.
20:53:57.409 [Thread-5] INFO  sys-user - [shutdownAsyncManager,31] - ====Õģ│ķŚŁÕÉÄÕÅ░õ╗╗ÕŖĪõ╗╗ÕŖĪń║┐ń©ŗµ▒Ā====
20:53:57.410 [Thread-5] INFO  c.a.d.p.DruidDataSource - [close,2083] - {dataSource-2} closing ...
20:53:57.414 [Thread-5] INFO  c.a.d.p.DruidDataSource - [close,2156] - {dataSource-2} closed
20:53:57.594 [restartedMain] INFO  c.r.RuoYiApplication - [logStarting,54] - Starting RuoYiApplication using Java 21.0.10 with PID 53224 (C:\Users\Administrator\Documents\code\yixiaoguan\services\business-api\ruoyi-admin\target\classes started by Administrator in C:\Users\Administrator\Documents\code\yixiaoguan\services\business-api\ruoyi-admin)
20:53:57.595 [restartedMain] INFO  c.r.RuoYiApplication - [logStartupProfileInfo,658] - The following 1 profile is active: "druid"
20:53:58.017 [restartedMain] INFO  o.s.b.t.TomcatWebServer - [initialize,114] - Tomcat initialized with port 8080 (http)
20:53:58.020 [restartedMain] INFO  o.a.c.h.Http11NioProtocol - [log,168] - Initializing ProtocolHandler ["http-nio-8080"]
20:53:58.020 [restartedMain] INFO  o.a.c.c.StandardService - [log,168] - Starting service [Tomcat]
20:53:58.020 [restartedMain] INFO  o.a.c.c.StandardEngine - [log,168] - Starting Servlet engine: [Apache Tomcat/11.0.18]
20:53:58.040 [restartedMain] INFO  o.s.b.w.c.s.WebApplicationContextInitializer - [prepareWebApplicationContext,77] - Root WebApplicationContext: initialization completed in 441 ms
20:53:58.322 [restartedMain] INFO  c.a.d.p.DruidDataSource - [init,865] - {dataSource-3} inited
20:53:58.958 [restartedMain] INFO  o.q.c.SchedulerSignalerImpl - [<init>,62] - Initialized Scheduler Signaller of type: class org.quartz.core.SchedulerSignalerImpl
20:53:58.958 [restartedMain] INFO  o.q.c.QuartzScheduler - [<init>,224] - Quartz Scheduler v2.5.2 created.
20:53:58.958 [restartedMain] INFO  o.q.s.RAMJobStore - [initialize,152] - RAMJobStore initialized.
20:53:58.958 [restartedMain] INFO  o.q.c.QuartzScheduler - [initialize,289] - Scheduler meta-data: Quartz Scheduler (v2.5.2) 'quartzScheduler' with instanceId 'NON_CLUSTERED'
  Scheduler class: 'org.quartz.core.QuartzScheduler' - running locally.
  NOT STARTED.
  Currently in standby mode.
  Number of jobs executed: 0
  Using thread pool 'org.quartz.simpl.SimpleThreadPool' - with 10 threads.
  Using job-store 'org.quartz.simpl.RAMJobStore' - which does not support persistence. and is not clustered.

20:53:58.959 [restartedMain] INFO  o.q.c.QuartzScheduler - [setJobFactory,2250] - JobFactory set to: org.springframework.scheduling.quartz.SpringBeanJobFactory@23dadecb
20:53:59.005 [restartedMain] INFO  c.y.a.c.AiServiceClient - [init,59] - [AiServiceClient] ÕłØÕ¦ŗÕī¢Õ«īµłÉ’╝īńø«µĀćÕ£░ÕØĆ: http://127.0.0.1:8000
20:53:59.226 [restartedMain] INFO  c.y.c.c.AsyncConfig - [yxAuditExecutor,43] - [AsyncConfig] Õ«ĪĶ«ĪµŚźÕ┐ŚÕ╝éµŁźń║┐ń©ŗµ▒ĀÕłØÕ¦ŗÕī¢Õ«īµłÉ
20:53:59.563 [restartedMain] INFO  o.a.c.h.Http11NioProtocol - [log,168] - Starting ProtocolHandler ["http-nio-8080"]
20:53:59.568 [restartedMain] INFO  o.s.b.t.TomcatWebServer - [start,240] - Tomcat started on port 8080 (http) with context path '/'
20:53:59.568 [restartedMain] INFO  o.q.c.QuartzScheduler - [start,541] - Scheduler quartzScheduler_$_NON_CLUSTERED started.
20:53:59.576 [restartedMain] INFO  c.r.RuoYiApplication - [logStarted,60] - Started RuoYiApplication in 2.042 seconds (process running for 75924.947)
20:53:59.577 [restartedMain] INFO  o.s.b.d.a.ConditionEvaluationDeltaLoggingListener - [onApplicationEvent,66] - Condition evaluation unchanged
