[INFO] Scanning for projects...
[INFO] ------------------------------------------------------------------------
[INFO] Reactor Build Order:
[INFO] 
[INFO] ruoyi                                                              [pom]
[INFO] ruoyi-common                                                       [jar]
[INFO] ruoyi-system                                                       [jar]
[INFO] ruoyi-framework                                                    [jar]
[INFO] ruoyi-quartz                                                       [jar]
[INFO] ruoyi-generator                                                    [jar]
[INFO] ruoyi-admin                                                        [jar]
[INFO] 
[INFO] --------------------------< com.ruoyi:ruoyi >---------------------------
[INFO] Building ruoyi 3.9.2                                               [1/7]
[INFO]   from pom.xml
[INFO] --------------------------------[ pom ]---------------------------------
[INFO] 
[INFO] --- clean:3.2.0:clean (default-clean) @ ruoyi ---
[INFO] 
[INFO] -----------------------< com.ruoyi:ruoyi-common >-----------------------
[INFO] Building ruoyi-common 3.9.2                                        [2/7]
[INFO]   from ruoyi-common\pom.xml
[INFO] --------------------------------[ jar ]---------------------------------
[INFO] 
[INFO] --- clean:3.2.0:clean (default-clean) @ ruoyi-common ---
[INFO] Deleting C:\Users\Administrator\Documents\code\yixiaoguan\services\business-api\ruoyi-common\target
[INFO] 
[INFO] --- resources:3.4.0:resources (default-resources) @ ruoyi-common ---
[INFO] skip non existing resourceDirectory C:\Users\Administrator\Documents\code\yixiaoguan\services\business-api\ruoyi-common\src\main\resources
[INFO] 
[INFO] --- compiler:3.13.0:compile (default-compile) @ ruoyi-common ---
[INFO] Recompiling the module because of changed source code.
[INFO] Compiling 116 source files with javac [debug parameters target 17] to target\classes
[WARNING] 未与 -source 17 一起设置系统模块路径
[INFO] /C:/Users/Administrator/Documents/code/yixiaoguan/services/business-api/ruoyi-common/src/main/java/com/ruoyi/common/utils/file/ImageUtils.java: 某些输入文件使用或覆盖了已过时的 API。
[INFO] /C:/Users/Administrator/Documents/code/yixiaoguan/services/business-api/ruoyi-common/src/main/java/com/ruoyi/common/utils/file/ImageUtils.java: 有关详细信息, 请使用 -Xlint:deprecation 重新编译。
[INFO] 
[INFO] -----------------------< com.ruoyi:ruoyi-system >-----------------------
[INFO] Building ruoyi-system 3.9.2                                        [3/7]
[INFO]   from ruoyi-system\pom.xml
[INFO] --------------------------------[ jar ]---------------------------------
[INFO] 
[INFO] --- clean:3.2.0:clean (default-clean) @ ruoyi-system ---
[INFO] Deleting C:\Users\Administrator\Documents\code\yixiaoguan\services\business-api\ruoyi-system\target
[INFO] 
[INFO] --- resources:3.4.0:resources (default-resources) @ ruoyi-system ---
[INFO] Copying 16 resources from src\main\resources to target\classes
[INFO] 
[INFO] --- compiler:3.13.0:compile (default-compile) @ ruoyi-system ---
[INFO] Recompiling the module because of changed dependency.
[INFO] Compiling 56 source files with javac [debug parameters target 17] to target\classes
[WARNING] 未与 -source 17 一起设置系统模块路径
[INFO] 
[INFO] ---------------------< com.ruoyi:ruoyi-framework >----------------------
[INFO] Building ruoyi-framework 3.9.2                                     [4/7]
[INFO]   from ruoyi-framework\pom.xml
[INFO] --------------------------------[ jar ]---------------------------------
[INFO] 
[INFO] --- clean:3.2.0:clean (default-clean) @ ruoyi-framework ---
[INFO] Deleting C:\Users\Administrator\Documents\code\yixiaoguan\services\business-api\ruoyi-framework\target
[INFO] 
[INFO] --- resources:3.4.0:resources (default-resources) @ ruoyi-framework ---
[INFO] skip non existing resourceDirectory C:\Users\Administrator\Documents\code\yixiaoguan\services\business-api\ruoyi-framework\src\main\resources
[INFO] 
[INFO] --- compiler:3.13.0:compile (default-compile) @ ruoyi-framework ---
[INFO] Recompiling the module because of changed dependency.
[INFO] Compiling 45 source files with javac [debug parameters target 17] to target\classes
[WARNING] 未与 -source 17 一起设置系统模块路径
[INFO] 
[INFO] -----------------------< com.ruoyi:ruoyi-quartz >-----------------------
[INFO] Building ruoyi-quartz 3.9.2                                        [5/7]
[INFO]   from ruoyi-quartz\pom.xml
[INFO] --------------------------------[ jar ]---------------------------------
[INFO] 
[INFO] --- clean:3.2.0:clean (default-clean) @ ruoyi-quartz ---
[INFO] Deleting C:\Users\Administrator\Documents\code\yixiaoguan\services\business-api\ruoyi-quartz\target
[INFO] 
[INFO] --- resources:3.4.0:resources (default-resources) @ ruoyi-quartz ---
[INFO] Copying 2 resources from src\main\resources to target\classes
[INFO] 
[INFO] --- compiler:3.13.0:compile (default-compile) @ ruoyi-quartz ---
[INFO] Recompiling the module because of changed dependency.
[INFO] Compiling 18 source files with javac [debug parameters target 17] to target\classes
[WARNING] 未与 -source 17 一起设置系统模块路径
[INFO] 
[INFO] ---------------------< com.ruoyi:ruoyi-generator >----------------------
[INFO] Building ruoyi-generator 3.9.2                                     [6/7]
[INFO]   from ruoyi-generator\pom.xml
[INFO] --------------------------------[ jar ]---------------------------------
[INFO] 
[INFO] --- clean:3.2.0:clean (default-clean) @ ruoyi-generator ---
[INFO] Deleting C:\Users\Administrator\Documents\code\yixiaoguan\services\business-api\ruoyi-generator\target
[INFO] 
[INFO] --- resources:3.4.0:resources (default-resources) @ ruoyi-generator ---
[INFO] Copying 21 resources from src\main\resources to target\classes
[INFO] 
[INFO] --- compiler:3.13.0:compile (default-compile) @ ruoyi-generator ---
[INFO] Recompiling the module because of changed dependency.
[INFO] Compiling 13 source files with javac [debug parameters target 17] to target\classes
[WARNING] 未与 -source 17 一起设置系统模块路径
[INFO] 
[INFO] -----------------------< com.ruoyi:ruoyi-admin >------------------------
[INFO] Building ruoyi-admin 3.9.2                                         [7/7]
[INFO]   from ruoyi-admin\pom.xml
[INFO] --------------------------------[ jar ]---------------------------------
[INFO] 
[INFO] --- clean:3.2.0:clean (default-clean) @ ruoyi-admin ---
[INFO] Deleting C:\Users\Administrator\Documents\code\yixiaoguan\services\business-api\ruoyi-admin\target
[INFO] 
[INFO] --- resources:3.4.0:resources (default-resources) @ ruoyi-admin ---
[INFO] Copying 10 resources from src\main\resources to target\classes
[INFO] 
[INFO] --- compiler:3.13.0:compile (default-compile) @ ruoyi-admin ---
[INFO] Recompiling the module because of changed dependency.
[INFO] Compiling 31 source files with javac [debug parameters target 17] to target\classes
[WARNING] 未与 -source 17 一起设置系统模块路径
[INFO] ------------------------------------------------------------------------
[INFO] Reactor Summary for ruoyi 3.9.2:
[INFO] 
[INFO] ruoyi .............................................. SUCCESS [  0.147 s]
[INFO] ruoyi-common ....................................... SUCCESS [  2.953 s]
[INFO] ruoyi-system ....................................... SUCCESS [  0.686 s]
[INFO] ruoyi-framework .................................... SUCCESS [  0.932 s]
[INFO] ruoyi-quartz ....................................... SUCCESS [  0.514 s]
[INFO] ruoyi-generator .................................... SUCCESS [  0.478 s]
[INFO] ruoyi-admin ........................................ SUCCESS [  0.772 s]
[INFO] ------------------------------------------------------------------------
[INFO] BUILD SUCCESS
[INFO] ------------------------------------------------------------------------
[INFO] Total time:  6.813 s
[INFO] Finished at: 2026-03-31T22:20:40+08:00
[INFO] ------------------------------------------------------------------------
